Symlinking /home/dony/Desktop/MyProjects/dony-ee483/ee483-psu-ex-base/Ex1-Training/ex1/ex_workspace/devel/./setup.sh
Symlinking /home/dony/Desktop/MyProjects/dony-ee483/ee483-psu-ex-base/Ex1-Training/ex1/ex_workspace/devel/./env.sh
Symlinking /home/dony/Desktop/MyProjects/dony-ee483/ee483-psu-ex-base/Ex1-Training/ex1/ex_workspace/devel/./setup.zsh
Symlinking /home/dony/Desktop/MyProjects/dony-ee483/ee483-psu-ex-base/Ex1-Training/ex1/ex_workspace/devel/./local_setup.fish
Symlinking /home/dony/Desktop/MyProjects/dony-ee483/ee483-psu-ex-base/Ex1-Training/ex1/ex_workspace/devel/./local_setup.bash
Symlinking /home/dony/Desktop/MyProjects/dony-ee483/ee483-psu-ex-base/Ex1-Training/ex1/ex_workspace/devel/./_setup_util.py
Symlinking /home/dony/Desktop/MyProjects/dony-ee483/ee483-psu-ex-base/Ex1-Training/ex1/ex_workspace/devel/./local_setup.zsh
Symlinking /home/dony/Desktop/MyProjects/dony-ee483/ee483-psu-ex-base/Ex1-Training/ex1/ex_workspace/devel/./local_setup.sh
Symlinking /home/dony/Desktop/MyProjects/dony-ee483/ee483-psu-ex-base/Ex1-Training/ex1/ex_workspace/devel/./setup.fish
Symlinking /home/dony/Desktop/MyProjects/dony-ee483/ee483-psu-ex-base/Ex1-Training/ex1/ex_workspace/devel/./setup.bash
Symlinking /home/dony/Desktop/MyProjects/dony-ee483/ee483-psu-ex-base/Ex1-Training/ex1/ex_workspace/devel/bin/catkin_init_workspace
Symlinking /home/dony/Desktop/MyProjects/dony-ee483/ee483-psu-ex-base/Ex1-Training/ex1/ex_workspace/devel/bin/catkin_topological_order
Symlinking /home/dony/Desktop/MyProjects/dony-ee483/ee483-psu-ex-base/Ex1-Training/ex1/ex_workspace/devel/bin/catkin_make_isolated
Symlinking /home/dony/Desktop/MyProjects/dony-ee483/ee483-psu-ex-base/Ex1-Training/ex1/ex_workspace/devel/bin/catkin_find
Symlinking /home/dony/Desktop/MyProjects/dony-ee483/ee483-psu-ex-base/Ex1-Training/ex1/ex_workspace/devel/bin/catkin_test_results
Symlinking /home/dony/Desktop/MyProjects/dony-ee483/ee483-psu-ex-base/Ex1-Training/ex1/ex_workspace/devel/bin/catkin_make
Symlinking /home/dony/Desktop/MyProjects/dony-ee483/ee483-psu-ex-base/Ex1-Training/ex1/ex_workspace/devel/etc/catkin/profile.d/05.catkin_make_isolated.bash
Symlinking /home/dony/Desktop/MyProjects/dony-ee483/ee483-psu-ex-base/Ex1-Training/ex1/ex_workspace/devel/etc/catkin/profile.d/05.catkin_make.bash
Symlinking /home/dony/Desktop/MyProjects/dony-ee483/ee483-psu-ex-base/Ex1-Training/ex1/ex_workspace/devel/share/catkin/cmake/catkinConfig-version.cmake
Symlinking /home/dony/Desktop/MyProjects/dony-ee483/ee483-psu-ex-base/Ex1-Training/ex1/ex_workspace/devel/share/catkin/cmake/catkinConfig.cmake
Symlinking /home/dony/Desktop/MyProjects/dony-ee483/ee483-psu-ex-base/Ex1-Training/ex1/ex_workspace/devel/lib/python3/dist-packages/catkin/__init__.py
Symlinking /home/dony/Desktop/MyProjects/dony-ee483/ee483-psu-ex-base/Ex1-Training/ex1/ex_workspace/devel/lib/pkgconfig/catkin.pc
