[ 12%] [34m[1mCreating directories for 'GMock'[0m
[ 25%] [34m[1mNo download step for 'GMock'[0m
[ 37%] [34m[1mNo update step for 'GMock'[0m
[ 50%] [34m[1mNo patch step for 'GMock'[0m
[ 62%] [34m[1mPerforming configure step for 'GMock'[0m
-- The CXX compiler identification is GNU 11.4.0
-- The C compiler identification is GNU 11.4.0
-- Detecting CXX compiler ABI info
-- Detecting CXX compiler ABI info - done
-- Check for working CXX compiler: /usr/bin/c++ - skipped
-- Detecting CXX compile features
-- Detecting CXX compile features - done
-- Detecting C compiler ABI info
-- Detecting C compiler ABI info - done
-- Check for working C compiler: /usr/bin/cc - skipped
-- Detecting C compile features
-- Detecting C compile features - done
-- Found Python: /usr/bin/python3.10 (found version "3.10.12") found components: Interpreter 
-- Looking for pthread.h
-- Looking for pthread.h - found
-- Performing Test CMAKE_HAVE_LIBC_PTHREAD
-- Performing Test CMAKE_HAVE_LIBC_PTHREAD - Success
-- Found Threads: TRUE  
-- Configuring done
-- Generating done
-- Build files have been written to: /home/dony/Desktop/MyProjects/dony-ee483/ee483-psu-ex-base/Ex1-Training/ex1/ex_workspace/build/catkin/gmock
[ 75%] [34m[1mPerforming build step for 'GMock'[0m
[ 12%] [32mBuilding CXX object /home/dony/Desktop/MyProjects/dony-ee483/ee483-psu-ex-base/Ex1-Training/ex1/ex_workspace/build/catkin/googletest/CMakeFiles/gtest.dir/src/gtest-all.cc.o[0m
[ 25%] [32m[1mLinking CXX static library /home/dony/Desktop/MyProjects/dony-ee483/ee483-psu-ex-base/Ex1-Training/ex1/ex_workspace/build/catkin/gmock/lib/libgtest.a[0m
[ 25%] Built target gtest
[ 37%] [32mBuilding CXX object /home/dony/Desktop/MyProjects/dony-ee483/ee483-psu-ex-base/Ex1-Training/ex1/ex_workspace/build/catkin/googletest/CMakeFiles/gtest_main.dir/src/gtest_main.cc.o[0m
[ 50%] [32mBuilding CXX object CMakeFiles/gmock.dir/src/gmock-all.cc.o[0m
[ 62%] [32m[1mLinking CXX static library /home/dony/Desktop/MyProjects/dony-ee483/ee483-psu-ex-base/Ex1-Training/ex1/ex_workspace/build/catkin/gmock/lib/libgtest_main.a[0m
[ 62%] Built target gtest_main
[ 75%] [32m[1mLinking CXX static library lib/libgmock.a[0m
[ 75%] Built target gmock
[ 87%] [32mBuilding CXX object CMakeFiles/gmock_main.dir/src/gmock_main.cc.o[0m
[100%] [32m[1mLinking CXX static library lib/libgmock_main.a[0m
[100%] Built target gmock_main
[ 87%] [34m[1mNo install step for 'GMock'[0m
[100%] [34m[1mCompleted 'GMock'[0m
[100%] Built target GMock
