Not searching for unused variables given on the command line.
[36m--[0m The C compiler identification is GNU 11.4.0
[36m--[0m The CXX compiler identification is GNU 11.4.0
[36m--[0m Detecting C compiler ABI info
[36m--[0m Detecting C compiler ABI info - done
[36m--[0m Check for working C compiler: /usr/bin/cc - skipped
[36m--[0m Detecting C compile features
[36m--[0m Detecting C compile features - done
[36m--[0m Detecting CXX compiler ABI info
[36m--[0m Detecting CXX compiler ABI info - done
[36m--[0m Check for working CXX compiler: /usr/bin/c++ - skipped
[36m--[0m Detecting CXX compile features
[36m--[0m Detecting CXX compile features - done
[36m--[0m Using CATKIN_DEVEL_PREFIX: /home/dony/Desktop/MyProjects/dony-ee483/ee483-psu-ex-base/Ex1-Training/ex1/ex_workspace/devel/.private/intern_pkg
[36m--[0m Using CMAKE_PREFIX_PATH: /home/dony/Desktop/MyProjects/dony-ee483/ee483-psu-ex-base/Ex1-Training/ex1/ex_workspace/devel
[36m--[0m This workspace overlays: /home/dony/Desktop/MyProjects/dony-ee483/ee483-psu-ex-base/Ex1-Training/ex1/ex_workspace/devel
[36m--[0m Found PythonInterp: /usr/bin/python3 (found suitable version "3.10.12", minimum required is "3")
[36m--[0m Using PYTHON_EXECUTABLE: /usr/bin/python3
[36m--[0m Using Debian Python package layout
[36m--[0m Using empy: /usr/bin/empy
[36m--[0m Using CATKIN_ENABLE_TESTING: ON
[36m--[0m Call enable_testing()
[36m--[0m Using CATKIN_TEST_RESULTS_DIR: /home/dony/Desktop/MyProjects/dony-ee483/ee483-psu-ex-base/Ex1-Training/ex1/ex_workspace/build/intern_pkg/test_results
[36m--[0m Looking for pthread.h
[36m--[0m Looking for pthread.h - found
[36m--[0m Performing Test CMAKE_HAVE_LIBC_PTHREAD
[36m--[0m Performing Test CMAKE_HAVE_LIBC_PTHREAD - Success
[36m--[0m Found Threads: TRUE
[36m--[0m Found PkgConfig: /usr/bin/pkg-config (found version "0.29.2")
[0m-- Using /usr/src/googletest/googlemock/ as gmock source directory[0m
[36m--[0m Checking for module 'gtest'
[36m--[0m   Found gtest, version 1.11.0
[0m-- Using GTest v1.11.0 (parsed from pkg-config)[0m
[36m--[0m Found gmock: gmock and gtests will be built
[36m--[0m nosetests not found, Python tests can not be run (try installing package 'python3-nose')
[36m--[0m catkin 0.8.10
[36m--[0m BUILD_SHARED_LIBS is on
[36m--[0m Could NOT find geometry_msgs (missing: geometry_msgs_DIR)
[36m--[0m Could not find the required component 'geometry_msgs'. The following CMake error indicates that you either need to install the package with the same name or change your environment so that it can be found.
[31mCMake Error at /home/dony/Desktop/MyProjects/dony-ee483/ee483-psu-ex-base/Ex1-Training/ex1/ex_workspace/devel/share/catkin/cmake/catkinConfig.cmake:83 (find_package):
  Could not find a package configuration file provided by "geometry_msgs"
  with any of the following names:

    geometry_msgsConfig.cmake
    geometry_msgs-config.cmake

  Add the installation prefix of "geometry_msgs" to CMAKE_PREFIX_PATH or set
  "geometry_msgs_DIR" to a directory containing one of the above files.  If
  "geometry_msgs" provides a separate development package or SDK, be sure it
  has been installed.
[36mCall Stack (most recent call first):[0m
  CMakeLists.txt:10 (find_package)

[0m
[36m--[0m Configuring incomplete, errors occurred!
See also "/home/dony/Desktop/MyProjects/dony-ee483/ee483-psu-ex-base/Ex1-Training/ex1/ex_workspace/build/intern_pkg/CMakeFiles/CMakeOutput.log".
